[dotenv@17.3.1] injecting env (6) from .env.local -- tip: 🔐 prevent committing .env to code: https://dotenvx.com/precommit
🚀 Starting database import...
🧹 Flushing existing PYQ data to prevent duplicates...

📦 Building Test Template for Year 2014 (100 questions)...
✅ Successfully mapped 100 questions for 2014 test.

📦 Building Test Template for Year 2015 (100 questions)...
✅ Successfully mapped 100 questions for 2015 test.

📦 Building Test Template for Year 2016 (100 questions)...
✅ Successfully mapped 100 questions for 2016 test.

📦 Building Test Template for Year 2017 (100 questions)...
✅ Successfully mapped 100 questions for 2017 test.

📦 Building Test Template for Year 2018 (100 questions)...
✅ Successfully mapped 100 questions for 2018 test.

📦 Building Test Template for Year 2019 (100 questions)...
✅ Successfully mapped 100 questions for 2019 test.

📦 Building Test Template for Year 2020 (100 questions)...
✅ Successfully mapped 100 questions for 2020 test.

📦 Building Test Template for Year 2021 (100 questions)...
✅ Successfully mapped 100 questions for 2021 test.

📦 Building Test Template for Year 2022 (100 questions)...
✅ Successfully mapped 100 questions for 2022 test.

📦 Building Test Template for Year 2023 (100 questions)...
✅ Successfully mapped 100 questions for 2023 test.

📦 Building Test Template for Year 2024 (100 questions)...
✅ Successfully mapped 100 questions for 2024 test.

🎉 ALL DONE! Import completed successfully.
